\BOOKMARK [1][-]{section.1}{Course Description}{}% 1
\BOOKMARK [2][-]{subsection.1.1}{Class Time and Location}{section.1}% 2
\BOOKMARK [2][-]{subsection.1.2}{Instructor}{section.1}% 3
\BOOKMARK [2][-]{subsection.1.3}{rEcommended Texts}{section.1}% 4
\BOOKMARK [1][-]{section.2}{Course Materials}{}% 5
\BOOKMARK [1][-]{section.3}{Learning Objective}{}% 6
\BOOKMARK [1][-]{section.4}{Attendance Policy}{}% 7
\BOOKMARK [1][-]{section.5}{Course Assessment}{}% 8
\BOOKMARK [2][-]{subsection.5.1}{Participation and Engagement}{section.5}% 9
\BOOKMARK [2][-]{subsection.5.2}{Quizzes}{section.5}% 10
\BOOKMARK [2][-]{subsection.5.3}{Weekly co-leads}{section.5}% 11
\BOOKMARK [2][-]{subsection.5.4}{Model module development}{section.5}% 12
\BOOKMARK [1][-]{section.6}{Grading}{}% 13
\BOOKMARK [1][-]{section.7}{Grading Scale}{}% 14
\BOOKMARK [1][-]{section.8}{Missing In-class Activities}{}% 15
\BOOKMARK [2][-]{subsection.8.1}{Illness Based Absence Policy}{section.8}% 16
\BOOKMARK [1][-]{section.9}{COVID-19 Statement}{}% 17
\BOOKMARK [1][-]{section.10}{Special Considerations}{}% 18
\BOOKMARK [2][-]{subsection.10.1}{ADA Statement}{section.10}% 19
\BOOKMARK [2][-]{subsection.10.2}{Religious Holy Days}{section.10}% 20
\BOOKMARK [1][-]{section.11}{TTU Resources for Discrimination, Harassment, and Sexual Violence}{}% 21
\BOOKMARK [1][-]{section.12}{Student Support Statement}{}% 22
\BOOKMARK [1][-]{section.13}{Classroom Civility}{}% 23
\BOOKMARK [1][-]{section.14}{Academic Integrity}{}% 24
\BOOKMARK [1][-]{section.15}{Plagiarism Statement}{}% 25
\BOOKMARK [1][-]{section.16}{Statement about Food Insecurity}{}% 26
\BOOKMARK [1][-]{section.17}{Creating Livable Futures}{}% 27
